<?xml version="1.0" encoding="UTF-8"?>
<testng-results skipped="0" failed="0" ignored="0" total="1" passed="1">
  <reporter-output>
  </reporter-output>
  <suite name="Default suite" duration-ms="9710" started-at="2019-09-22T17:23:20Z" finished-at="2019-09-22T17:23:30Z">
    <groups>
    </groups>
    <test name="Default test" duration-ms="9710" started-at="2019-09-22T17:23:20Z" finished-at="2019-09-22T17:23:30Z">
      <class name="com.class12.TaskGuru99">
        <test-method status="PASS" signature="getMax()[pri:0, instance:com.class12.TaskGuru99@59e5ddf]" name="getMax" duration-ms="9693" started-at="2019-09-22T17:23:20Z" finished-at="2019-09-22T17:23:30Z">
          <reporter-output>
          </reporter-output>
        </test-method> <!-- getMax -->
      </class> <!-- com.class12.TaskGuru99 -->
    </test> <!-- Default test -->
  </suite> <!-- Default suite -->
</testng-results>
